<?xml version="1.0" encoding="utf-8"?><testsuites name="pytest tests"><testsuite name="pytest" errors="0" failures="2" skipped="0" tests="47" time="1.063" timestamp="2026-07-29T22:42:34.747275+05:30" hostname="boopathirajsMBP.lan"><testcase classname="tests.test_3tier_architecture" name="test_tier1_pure_python" time="0.022" /><testcase classname="tests.test_3tier_architecture" name="test_tier2_hybrid_rust_db" time="0.006" /><testcase classname="tests.test_3tier_architecture" name="test_tier2_hybrid_rust_template" time="0.011" /><testcase classname="tests.test_3tier_architecture" name="test_tier2_hybrid_rust_jwt" time="0.003" /><testcase classname="tests.test_3tier_architecture" name="test_tier3_native_rust_routes" time="0.005" /><testcase classname="tests.test_basic" name="test_root_endpoint" time="0.008" /><testcase classname="tests.test_basic" name="test_sync_endpoint" time="0.011" /><testcase classname="tests.test_basic" name="test_async_endpoint" time="0.105" /><testcase classname="tests.test_basic" name="test_path_and_query_params" time="0.004" /><testcase classname="tests.test_basic" name="test_pydantic_validation" time="0.003" /><testcase classname="tests.test_basic" name="test_openapi_generation" time="0.003" /><testcase classname="tests.test_basic" name="test_docs_endpoint_serves_swagger_ui" time="0.004" /><testcase classname="tests.test_basic" name="test_not_found_error" time="0.004" /><testcase classname="tests.test_basic" name="test_mcp_initialize" time="0.003" /><testcase classname="tests.test_basic" name="test_mcp_tools_list" time="0.003" /><testcase classname="tests.test_basic" name="test_mcp_tools_call" time="0.003" /><testcase classname="tests.test_basic" name="test_mcp_tools_call_string_result" time="0.003" /><testcase classname="tests.test_basic" name="test_mcp_tools_call_unknown" time="0.003" /><testcase classname="tests.test_basic" name="test_mcp_resources_list_and_read" time="0.010" /><testcase classname="tests.test_basic" name="test_mcp_resources_read_unknown" time="0.003" /><testcase classname="tests.test_basic" name="test_mcp_prompts_list_and_get" time="0.005" /><testcase classname="tests.test_basic" name="test_mcp_ping" time="0.003" /><testcase classname="tests.test_basic" name="test_mcp_unknown_method" time="0.003" /><testcase classname="tests.test_basic" name="test_mcp_notification_no_response_body" time="0.004" /><testcase classname="tests.test_database_engine" name="test_native_database_execute_and_query" time="0.008" /><testcase classname="tests.test_database_engine" name="test_direct_db_methods" time="0.001" /><testcase classname="tests.test_imports" name="test_public_package_exports_work" time="0.001" /><testcase classname="tests.test_imports" name="test_pyrustapi_alias_import_works" time="0.001"><failure message="ModuleNotFoundError: No module named 'pyrustapi'">tests/test_imports.py:21: in test_pyrustapi_alias_import_works
    import pyrustapi
E   ModuleNotFoundError: No module named 'pyrustapi'</failure></testcase><testcase classname="tests.test_imports" name="test_repo_root_import_prefers_workspace_package" time="0.055"><failure message="AssertionError: Traceback (most recent call last):&#10;    File &quot;&lt;string&gt;&quot;, line 1, in &lt;module&gt;&#10;  ModuleNotFoundError: No module named 'pyrustapi'&#10;  &#10;assert 1 == 0&#10; +  where 1 = CompletedProcess(args=['/Library/Frameworks/Python.framework/Versions/3.11/bin/python3', '-c', 'import rustapi; from rustapi import APIRouter; import pyrustapi; print(rustapi.__file__)'], returncode=1, stdout='', stderr='Traceback (most recent call last):\n  File &quot;&lt;string&gt;&quot;, line 1, in &lt;module&gt;\nModuleNotFoundError: No module named \'pyrustapi\'\n').returncode">tests/test_imports.py:47: in test_repo_root_import_prefers_workspace_package
    assert result.returncode == 0, result.stderr
E   AssertionError: Traceback (most recent call last):
E       File "&lt;string&gt;", line 1, in &lt;module&gt;
E     ModuleNotFoundError: No module named 'pyrustapi'
E     
E   assert 1 == 0
E    +  where 1 = CompletedProcess(args=['/Library/Frameworks/Python.framework/Versions/3.11/bin/python3', '-c', 'import rustapi; from rustapi import APIRouter; import pyrustapi; print(rustapi.__file__)'], returncode=1, stdout='', stderr='Traceback (most recent call last):\n  File "&lt;string&gt;", line 1, in &lt;module&gt;\nModuleNotFoundError: No module named \'pyrustapi\'\n').returncode</failure></testcase><testcase classname="tests.test_native_routes" name="test_native_route_registration_and_execution" time="0.002" /><testcase classname="tests.test_overrides_and_coercion" name="test_dependency_overrides" time="0.010" /><testcase classname="tests.test_overrides_and_coercion" name="test_strict_type_coercion_valid_int" time="0.006" /><testcase classname="tests.test_overrides_and_coercion" name="test_strict_type_coercion_invalid_int_returns_422" time="0.003" /><testcase classname="tests.test_overrides_and_coercion" name="test_missing_required_query_param_returns_422" time="0.003" /><testcase classname="tests.test_reload_and_logging" name="test_reload_mode_spawns_server_and_outputs_logs" time="0.377" /><testcase classname="tests.test_response_model" name="test_single_response_model_filters_private_fields" time="0.011" /><testcase classname="tests.test_response_model" name="test_list_response_model_filters_items" time="0.003" /><testcase classname="tests.test_responses_and_req_json" name="test_html_response" time="0.006" /><testcase classname="tests.test_responses_and_req_json" name="test_plain_text_response" time="0.003" /><testcase classname="tests.test_responses_and_req_json" name="test_json_response" time="0.003" /><testcase classname="tests.test_responses_and_req_json" name="test_redirect_response" time="0.009" /><testcase classname="tests.test_responses_and_req_json" name="test_req_json_parsing" time="0.039" /><testcase classname="tests.test_rust_power_modules" name="test_jwt_encode_and_decode" time="0.004" /><testcase classname="tests.test_rust_power_modules" name="test_jwt_decode_invalid_secret_raises_value_error" time="0.001" /><testcase classname="tests.test_rust_power_modules" name="test_argon2_password_hashing_and_verification" time="0.079" /><testcase classname="tests.test_rust_power_modules" name="test_minijinja_template_rendering" time="0.001" /><testcase classname="tests.test_rust_power_modules" name="test_integrated_http_auth_route" time="0.033" /></testsuite></testsuites>