<?xml version="1.0" encoding="utf-8"?><testsuites name="pytest tests"><testsuite name="pytest" errors="0" failures="1" skipped="0" tests="19" time="0.337" timestamp="2026-07-28T23:21:14.481417+05:30" hostname="boopathirajsMBP.lan"><testcase classname="tests.test_basic" name="test_root_endpoint" time="0.023" /><testcase classname="tests.test_basic" name="test_sync_endpoint" time="0.009" /><testcase classname="tests.test_basic" name="test_async_endpoint" time="0.105" /><testcase classname="tests.test_basic" name="test_path_and_query_params" time="0.009" /><testcase classname="tests.test_basic" name="test_pydantic_validation" time="0.003" /><testcase classname="tests.test_basic" name="test_openapi_generation" time="0.003" /><testcase classname="tests.test_basic" name="test_docs_endpoint_serves_swagger_ui" time="0.003" /><testcase classname="tests.test_basic" name="test_not_found_error" time="0.003" /><testcase classname="tests.test_basic" name="test_mcp_initialize" time="0.013" /><testcase classname="tests.test_basic" name="test_mcp_tools_list" time="0.004"><failure message="AssertionError: assert '' == 'Add two numbers together.'&#10;  &#10;  - Add two numbers together.">tests/test_basic.py:248: in test_mcp_tools_list
    assert add_tool["description"] == "Add two numbers together."
E   AssertionError: assert '' == 'Add two numbers together.'
E     
E     - Add two numbers together.</failure></testcase><testcase classname="tests.test_basic" name="test_mcp_tools_call" time="0.008" /><testcase classname="tests.test_basic" name="test_mcp_tools_call_string_result" time="0.004" /><testcase classname="tests.test_basic" name="test_mcp_tools_call_unknown" time="0.003" /><testcase classname="tests.test_basic" name="test_mcp_resources_list_and_read" time="0.005" /><testcase classname="tests.test_basic" name="test_mcp_resources_read_unknown" time="0.003" /><testcase classname="tests.test_basic" name="test_mcp_prompts_list_and_get" time="0.012" /><testcase classname="tests.test_basic" name="test_mcp_ping" time="0.003" /><testcase classname="tests.test_basic" name="test_mcp_unknown_method" time="0.004" /><testcase classname="tests.test_basic" name="test_mcp_notification_no_response_body" time="0.003" /></testsuite></testsuites>